This is pdfTeX, Version 3.1415926-2.3-1.40.12 (MiKTeX 2.9) (preloaded format=pdflatex 2016.5.18)  21 MAY 2016 13:21
entering extended mode
**HellowTex.tex
(C:\Users\Prince\Desktop\CCST\HellowTex.tex
LaTeX2e <2011/06/27>
Babel <v3.8m> and hyphenation patterns for loaded.
(E:\CTEX\MiKTeX\tex\latex\base\article.cls
Document Class: article 2007/10/19 v1.4h Standard LaTeX document class
(E:\CTEX\MiKTeX\tex\latex\base\size10.clo
File: size10.clo 2007/10/19 v1.4h Standard LaTeX file (size option)
)
\c@part=\count79
\c@section=\count80
\c@subsection=\count81
\c@subsubsection=\count82
\c@paragraph=\count83
\c@subparagraph=\count84
\c@figure=\count85
\c@table=\count86
\abovecaptionskip=\skip41
\belowcaptionskip=\skip42
\bibindent=\dimen102
)

LaTeX Warning: Unused global option(s):
    [UTF8].

(C:\Users\Prince\Desktop\CCST\HellowTex.aux)
LaTeX Font Info:    Checking defaults for OML/cmm/m/it on input line 9.
LaTeX Font Info:    ... okay on input line 9.
LaTeX Font Info:    Checking defaults for T1/cmr/m/n on input line 9.
LaTeX Font Info:    ... okay on input line 9.
LaTeX Font Info:    Checking defaults for OT1/cmr/m/n on input line 9.
LaTeX Font Info:    ... okay on input line 9.
LaTeX Font Info:    Checking defaults for OMS/cmsy/m/n on input line 9.
LaTeX Font Info:    ... okay on input line 9.
LaTeX Font Info:    Checking defaults for OMX/cmex/m/n on input line 9.
LaTeX Font Info:    ... okay on input line 9.
LaTeX Font Info:    Checking defaults for U/cmr/m/n on input line 9.
LaTeX Font Info:    ... okay on input line 9.
LaTeX Font Info:    External font `cmex10' loaded for size
(Font)              <12> on input line 12.
LaTeX Font Info:    External font `cmex10' loaded for size
(Font)              <8> on input line 12.
LaTeX Font Info:    External font `cmex10' loaded for size
(Font)              <6> on input line 12.
LaTeX Font Info:    External font `cmex10' loaded for size
(Font)              <9> on input line 16.
LaTeX Font Info:    External font `cmex10' loaded for size
(Font)              <5> on input line 16.
LaTeX Font Info:    External font `cmex10' loaded for size
(Font)              <7> on input line 24.
 [1

{E:/CTEX/UserData/pdftex/config/pdftex.map{Unicode.sfd}{UGBK.sfd}}] (C:\Users\P
rince\Desktop\CCST\HellowTex.aux) ) 
Here is how much of TeX's memory you used:
 247 strings out of 495354
 2724 string characters out of 3183859
 50000 words of memory out of 3000000
 3484 multiletter control sequences out of 15000+200000
 9191 words of font info for 32 fonts, out of 3000000 for 9000
 14 hyphenation exceptions out of 8191
 24i,8n,17p,964b,250s stack positions out of 5000i,500n,10000p,200000b,50000s
<E:/CTEX/MiKTeX/fonts/type1/public/amsfonts/
cm/cmbx12.pfb><E:/CTEX/MiKTeX/fonts/type1/public/amsfonts/cm/cmbx9.pfb><E:/CTEX
/MiKTeX/fonts/type1/public/amsfonts/cm/cmmi10.pfb><E:/CTEX/MiKTeX/fonts/type1/p
ublic/amsfonts/cm/cmmi7.pfb><E:/CTEX/MiKTeX/fonts/type1/public/amsfonts/cm/cmr1
0.pfb><E:/CTEX/MiKTeX/fonts/type1/public/amsfonts/cm/cmr12.pfb><E:/CTEX/MiKTeX/
fonts/type1/public/amsfonts/cm/cmr17.pfb><E:/CTEX/MiKTeX/fonts/type1/public/ams
fonts/cm/cmr6.pfb><E:/CTEX/MiKTeX/fonts/type1/public/amsfonts/cm/cmr7.pfb><E:/C
TEX/MiKTeX/fonts/type1/public/amsfonts/cm/cmr8.pfb><E:/CTEX/MiKTeX/fonts/type1/
public/amsfonts/cm/cmr9.pfb><E:/CTEX/MiKTeX/fonts/type1/public/amsfonts/cm/cmti
10.pfb><E:/CTEX/MiKTeX/fonts/type1/public/amsfonts/cm/cmti9.pfb>
Output written on HellowTex.pdf (1 page, 135457 bytes).
PDF statistics:
 58 PDF objects out of 1000 (max. 8388607)
 0 named destinations out of 1000 (max. 500000)
 1 words of extra memory for PDF output out of 10000 (max. 10000000)

